{"D:\\BookRental\\category_widget\\src\\components\\AddToCartModal.tsx": {"path":"D:\\BookRental\\category_widget\\src\\components\\AddToCartModal.tsx","statementMap":{"0":{"start":{"line":13,"column":6},"end":{"line":119,"column":null}},"1":{"start":{"line":19,"column":50},"end":{"line":19,"column":null}},"2":{"start":{"line":20,"column":38},"end":{"line":20,"column":null}},"3":{"start":{"line":21,"column":28},"end":{"line":21,"column":null}},"4":{"start":{"line":22,"column":24},"end":{"line":35,"column":null}},"5":{"start":{"line":37,"column":8},"end":{"line":41,"column":null}},"6":{"start":{"line":38,"column":4},"end":{"line":38,"column":null}},"7":{"start":{"line":39,"column":4},"end":{"line":39,"column":null}},"8":{"start":{"line":40,"column":4},"end":{"line":40,"column":null}},"9":{"start":{"line":43,"column":24},"end":{"line":54,"column":null}},"10":{"start":{"line":44,"column":4},"end":{"line":44,"column":null}},"11":{"start":{"line":44,"column":42},"end":{"line":44,"column":null}},"12":{"start":{"line":45,"column":4},"end":{"line":45,"column":null}},"13":{"start":{"line":46,"column":4},"end":{"line":46,"column":null}},"14":{"start":{"line":47,"column":4},"end":{"line":47,"column":null}},"15":{"start":{"line":48,"column":4},"end":{"line":53,"column":null}},"16":{"start":{"line":56,"column":2},"end":{"line":117,"column":null}},"17":{"start":{"line":70,"column":30},"end":{"line":70,"column":null}}},"fnMap":{"0":{"name":"(anonymous_0)","decl":{"start":{"line":13,"column":6},"end":{"line":13,"column":24}},"loc":{"start":{"line":18,"column":27},"end":{"line":119,"column":null}},"line":18},"1":{"name":"(anonymous_1)","decl":{"start":{"line":37,"column":8},"end":{"line":37,"column":28}},"loc":{"start":{"line":37,"column":28},"end":{"line":41,"column":null}},"line":37},"2":{"name":"(anonymous_2)","decl":{"start":{"line":43,"column":24},"end":{"line":43,"column":36}},"loc":{"start":{"line":43,"column":36},"end":{"line":54,"column":null}},"line":43},"3":{"name":"(anonymous_3)","decl":{"start":{"line":70,"column":14},"end":{"line":70,"column":30}},"loc":{"start":{"line":70,"column":30},"end":{"line":70,"column":null}},"line":70}},"branchMap":{"0":{"loc":{"start":{"line":21,"column":28},"end":{"line":21,"column":null}},"type":"cond-expr","locations":[{"start":{"line":21,"column":48},"end":{"line":21,"column":55}},{"start":{"line":21,"column":55},"end":{"line":21,"column":null}}],"line":21},"1":{"loc":{"start":{"line":21,"column":55},"end":{"line":21,"column":null}},"type":"cond-expr","locations":[{"start":{"line":21,"column":79},"end":{"line":21,"column":99}},{"start":{"line":21,"column":99},"end":{"line":21,"column":null}}],"line":21},"2":{"loc":{"start":{"line":44,"column":4},"end":{"line":44,"column":null}},"type":"if","locations":[{"start":{"line":44,"column":4},"end":{"line":44,"column":null}},{"start":{},"end":{}}],"line":44},"3":{"loc":{"start":{"line":44,"column":8},"end":{"line":44,"column":42}},"type":"binary-expr","locations":[{"start":{"line":44,"column":8},"end":{"line":44,"column":23}},{"start":{"line":44,"column":23},"end":{"line":44,"column":42}}],"line":44},"4":{"loc":{"start":{"line":73,"column":13},"end":{"line":103,"column":null}},"type":"binary-expr","locations":[{"start":{"line":73,"column":13},"end":{"line":73,"column":null}},{"start":{"line":74,"column":14},"end":{"line":103,"column":null}}],"line":73}},"s":{"0":1,"1":21,"2":21,"3":21,"4":21,"5":21,"6":1,"7":1,"8":1,"9":21,"10":2,"11":0,"12":2,"13":2,"14":2,"15":2,"16":21,"17":6},"f":{"0":21,"1":1,"2":2,"3":6},"b":{"0":[12,9],"1":[9,0],"2":[0,2],"3":[2,2],"4":[21,9]},"meta":{"lastBranch":5,"lastFunction":4,"lastStatement":18,"seen":{"s:13:6:119:Infinity":0,"f:13:6:13:24":0,"s:19:50:19:Infinity":1,"s:20:38:20:Infinity":2,"s:21:28:21:Infinity":3,"b:21:48:21:55:21:55:21:Infinity":0,"b:21:79:21:99:21:99:21:Infinity":1,"s:22:24:35:Infinity":4,"s:37:8:41:Infinity":5,"f:37:8:37:28":1,"s:38:4:38:Infinity":6,"s:39:4:39:Infinity":7,"s:40:4:40:Infinity":8,"s:43:24:54:Infinity":9,"f:43:24:43:36":2,"b:44:4:44:Infinity:undefined:undefined:undefined:undefined":2,"s:44:4:44:Infinity":10,"b:44:8:44:23:44:23:44:42":3,"s:44:42:44:Infinity":11,"s:45:4:45:Infinity":12,"s:46:4:46:Infinity":13,"s:47:4:47:Infinity":14,"s:48:4:53:Infinity":15,"s:56:2:117:Infinity":16,"f:70:14:70:30":3,"s:70:30:70:Infinity":17,"b:73:13:73:Infinity:74:14:103:Infinity":4},"fnNames":{}}}
,"D:\\BookRental\\category_widget\\src\\components\\Facet.tsx": {"path":"D:\\BookRental\\category_widget\\src\\components\\Facet.tsx","statementMap":{"0":{"start":{"line":7,"column":24},"end":{"line":12,"column":null}},"1":{"start":{"line":19,"column":6},"end":{"line":197,"column":null}},"2":{"start":{"line":32,"column":6},"end":{"line":32,"column":16}},"3":{"start":{"line":38,"column":6},"end":{"line":50,"column":null}},"4":{"start":{"line":41,"column":18},"end":{"line":43,"column":null}},"5":{"start":{"line":45,"column":6},"end":{"line":45,"column":null}},"6":{"start":{"line":45,"column":19},"end":{"line":45,"column":null}},"7":{"start":{"line":47,"column":21},"end":{"line":47,"column":null}},"8":{"start":{"line":48,"column":6},"end":{"line":48,"column":null}},"9":{"start":{"line":52,"column":8},"end":{"line":56,"column":null}},"10":{"start":{"line":55,"column":4},"end":{"line":55,"column":null}},"11":{"start":{"line":58,"column":2},"end":{"line":63,"column":null}},"12":{"start":{"line":59,"column":18},"end":{"line":61,"column":null}},"13":{"start":{"line":62,"column":4},"end":{"line":62,"column":null}},"14":{"start":{"line":65,"column":2},"end":{"line":83,"column":null}},"15":{"start":{"line":66,"column":4},"end":{"line":66,"column":null}},"16":{"start":{"line":66,"column":28},"end":{"line":66,"column":null}},"17":{"start":{"line":67,"column":19},"end":{"line":67,"column":null}},"18":{"start":{"line":68,"column":26},"end":{"line":68,"column":null}},"19":{"start":{"line":70,"column":4},"end":{"line":70,"column":null}},"20":{"start":{"line":70,"column":24},"end":{"line":70,"column":null}},"21":{"start":{"line":72,"column":26},"end":{"line":74,"column":null}},"22":{"start":{"line":74,"column":19},"end":{"line":74,"column":44}},"23":{"start":{"line":76,"column":24},"end":{"line":80,"column":null}},"24":{"start":{"line":78,"column":8},"end":{"line":78,"column":null}},"25":{"start":{"line":80,"column":23},"end":{"line":80,"column":35}},"26":{"start":{"line":82,"column":4},"end":{"line":82,"column":null}},"27":{"start":{"line":85,"column":1},"end":{"line":85,"column":null}},"28":{"start":{"line":85,"column":14},"end":{"line":85,"column":null}},"29":{"start":{"line":86,"column":2},"end":{"line":195,"column":null}},"30":{"start":{"line":107,"column":12},"end":{"line":122,"column":null}},"31":{"start":{"line":114,"column":18},"end":{"line":118,"column":null}},"32":{"start":{"line":115,"column":20},"end":{"line":117,"column":null}},"33":{"start":{"line":117,"column":44},"end":{"line":117,"column":63}},"34":{"start":{"line":188,"column":14},"end":{"line":188,"column":null}},"35":{"start":{"line":188,"column":41},"end":{"line":188,"column":68}}},"fnMap":{"0":{"name":"(anonymous_0)","decl":{"start":{"line":19,"column":6},"end":{"line":19,"column":20}},"loc":{"start":{"line":19,"column":20},"end":{"line":197,"column":null}},"line":19},"1":{"name":"(anonymous_1)","decl":{"start":{"line":40,"column":13},"end":{"line":40,"column":25}},"loc":{"start":{"line":40,"column":25},"end":{"line":49,"column":null}},"line":40},"2":{"name":"(anonymous_2)","decl":{"start":{"line":52,"column":8},"end":{"line":52,"column":null}},"loc":{"start":{"line":54,"column":7},"end":{"line":56,"column":null}},"line":54},"3":{"name":"(anonymous_3)","decl":{"start":{"line":58,"column":2},"end":{"line":58,"column":18}},"loc":{"start":{"line":58,"column":18},"end":{"line":63,"column":5}},"line":58},"4":{"name":"(anonymous_4)","decl":{"start":{"line":65,"column":2},"end":{"line":65,"column":18}},"loc":{"start":{"line":65,"column":18},"end":{"line":83,"column":5}},"line":65},"5":{"name":"(anonymous_5)","decl":{"start":{"line":74,"column":7},"end":{"line":74,"column":11}},"loc":{"start":{"line":74,"column":19},"end":{"line":74,"column":44}},"line":74},"6":{"name":"(anonymous_6)","decl":{"start":{"line":77,"column":7},"end":{"line":77,"column":14}},"loc":{"start":{"line":78,"column":8},"end":{"line":78,"column":null}},"line":78},"7":{"name":"(anonymous_7)","decl":{"start":{"line":80,"column":7},"end":{"line":80,"column":11}},"loc":{"start":{"line":80,"column":23},"end":{"line":80,"column":35}},"line":80},"8":{"name":"(anonymous_8)","decl":{"start":{"line":106,"column":22},"end":{"line":106,"column":27}},"loc":{"start":{"line":107,"column":12},"end":{"line":122,"column":null}},"line":107},"9":{"name":"(anonymous_9)","decl":{"start":{"line":113,"column":16},"end":{"line":113,"column":27}},"loc":{"start":{"line":114,"column":18},"end":{"line":118,"column":null}},"line":114},"10":{"name":"(anonymous_10)","decl":{"start":{"line":114,"column":18},"end":{"line":114,"column":41}},"loc":{"start":{"line":115,"column":20},"end":{"line":117,"column":null}},"line":115},"11":{"name":"(anonymous_11)","decl":{"start":{"line":117,"column":29},"end":{"line":117,"column":37}},"loc":{"start":{"line":117,"column":44},"end":{"line":117,"column":63}},"line":117},"12":{"name":"(anonymous_12)","decl":{"start":{"line":187,"column":12},"end":{"line":187,"column":23}},"loc":{"start":{"line":188,"column":14},"end":{"line":188,"column":null}},"line":188},"13":{"name":"(anonymous_13)","decl":{"start":{"line":188,"column":14},"end":{"line":188,"column":31}},"loc":{"start":{"line":188,"column":41},"end":{"line":188,"column":68}},"line":188}},"branchMap":{"0":{"loc":{"start":{"line":35,"column":10},"end":{"line":35,"column":null}},"type":"default-arg","locations":[{"start":{"line":35,"column":23},"end":{"line":35,"column":null}}],"line":35},"1":{"loc":{"start":{"line":45,"column":6},"end":{"line":45,"column":null}},"type":"if","locations":[{"start":{"line":45,"column":6},"end":{"line":45,"column":null}},{"start":{},"end":{}}],"line":45},"2":{"loc":{"start":{"line":48,"column":13},"end":{"line":48,"column":null}},"type":"binary-expr","locations":[{"start":{"line":48,"column":13},"end":{"line":48,"column":28}},{"start":{"line":48,"column":28},"end":{"line":48,"column":null}}],"line":48},"3":{"loc":{"start":{"line":66,"column":4},"end":{"line":66,"column":null}},"type":"if","locations":[{"start":{"line":66,"column":4},"end":{"line":66,"column":null}},{"start":{},"end":{}}],"line":66},"4":{"loc":{"start":{"line":70,"column":4},"end":{"line":70,"column":null}},"type":"if","locations":[{"start":{"line":70,"column":4},"end":{"line":70,"column":null}},{"start":{},"end":{}}],"line":70},"5":{"loc":{"start":{"line":85,"column":1},"end":{"line":85,"column":null}},"type":"if","locations":[{"start":{"line":85,"column":1},"end":{"line":85,"column":null}},{"start":{},"end":{}}],"line":85},"6":{"loc":{"start":{"line":115,"column":20},"end":{"line":117,"column":null}},"type":"cond-expr","locations":[{"start":{"line":116,"column":24},"end":{"line":116,"column":null}},{"start":{"line":117,"column":24},"end":{"line":117,"column":null}}],"line":115}},"s":{"0":1,"1":1,"2":37,"3":37,"4":12,"5":12,"6":1,"7":11,"8":11,"9":37,"10":12,"11":37,"12":19,"13":19,"14":37,"15":19,"16":16,"17":3,"18":3,"19":3,"20":3,"21":0,"22":0,"23":0,"24":0,"25":0,"26":0,"27":37,"28":1,"29":36,"30":7,"31":3,"32":3,"33":1,"34":2,"35":2},"f":{"0":37,"1":12,"2":12,"3":19,"4":19,"5":0,"6":0,"7":0,"8":7,"9":3,"10":3,"11":1,"12":2,"13":2},"b":{"0":[37],"1":[1,11],"2":[11,1],"3":[16,3],"4":[3,0],"5":[1,36],"6":[2,1]},"meta":{"lastBranch":7,"lastFunction":14,"lastStatement":36,"seen":{"s:7:24:12:Infinity":0,"s:19:6:197:Infinity":1,"f:19:6:19:20":0,"s:32:6:32:16":2,"s:38:6:50:Infinity":3,"b:35:23:35:Infinity":0,"f:40:13:40:25":1,"s:41:18:43:Infinity":4,"b:45:6:45:Infinity:undefined:undefined:undefined:undefined":1,"s:45:6:45:Infinity":5,"s:45:19:45:Infinity":6,"s:47:21:47:Infinity":7,"s:48:6:48:Infinity":8,"b:48:13:48:28:48:28:48:Infinity":2,"s:52:8:56:Infinity":9,"f:52:8:52:Infinity":2,"s:55:4:55:Infinity":10,"s:58:2:63:Infinity":11,"f:58:2:58:18":3,"s:59:18:61:Infinity":12,"s:62:4:62:Infinity":13,"s:65:2:83:Infinity":14,"f:65:2:65:18":4,"b:66:4:66:Infinity:undefined:undefined:undefined:undefined":3,"s:66:4:66:Infinity":15,"s:66:28:66:Infinity":16,"s:67:19:67:Infinity":17,"s:68:26:68:Infinity":18,"b:70:4:70:Infinity:undefined:undefined:undefined:undefined":4,"s:70:4:70:Infinity":19,"s:70:24:70:Infinity":20,"s:72:26:74:Infinity":21,"f:74:7:74:11":5,"s:74:19:74:44":22,"s:76:24:80:Infinity":23,"f:77:7:77:14":6,"s:78:8:78:Infinity":24,"f:80:7:80:11":7,"s:80:23:80:35":25,"s:82:4:82:Infinity":26,"b:85:1:85:Infinity:undefined:undefined:undefined:undefined":5,"s:85:1:85:Infinity":27,"s:85:14:85:Infinity":28,"s:86:2:195:Infinity":29,"f:106:22:106:27":8,"s:107:12:122:Infinity":30,"f:113:16:113:27":9,"s:114:18:118:Infinity":31,"f:114:18:114:41":10,"s:115:20:117:Infinity":32,"b:116:24:116:Infinity:117:24:117:Infinity":6,"f:117:29:117:37":11,"s:117:44:117:63":33,"f:187:12:187:23":12,"s:188:14:188:Infinity":34,"f:188:14:188:31":13,"s:188:41:188:68":35},"fnNames":{}}}
,"D:\\BookRental\\category_widget\\src\\components\\ProductActions.tsx": {"path":"D:\\BookRental\\category_widget\\src\\components\\ProductActions.tsx","statementMap":{"0":{"start":{"line":19,"column":40},"end":{"line":19,"column":null}},"1":{"start":{"line":20,"column":46},"end":{"line":20,"column":null}},"2":{"start":{"line":21,"column":36},"end":{"line":21,"column":null}},"3":{"start":{"line":22,"column":52},"end":{"line":22,"column":null}},"4":{"start":{"line":23,"column":46},"end":{"line":23,"column":null}},"5":{"start":{"line":24,"column":21},"end":{"line":24,"column":null}},"6":{"start":{"line":25,"column":36},"end":{"line":25,"column":null}},"7":{"start":{"line":26,"column":17},"end":{"line":26,"column":null}},"8":{"start":{"line":28,"column":2},"end":{"line":48,"column":null}},"9":{"start":{"line":29,"column":10},"end":{"line":35,"column":null}},"10":{"start":{"line":32,"column":26},"end":{"line":32,"column":null}},"11":{"start":{"line":34,"column":6},"end":{"line":34,"column":null}},"12":{"start":{"line":37,"column":4},"end":{"line":40,"column":null}},"13":{"start":{"line":42,"column":4},"end":{"line":47,"column":null}},"14":{"start":{"line":43,"column":6},"end":{"line":46,"column":null}},"15":{"start":{"line":53,"column":4},"end":{"line":61,"column":null}},"16":{"start":{"line":55,"column":6},"end":{"line":58,"column":null}},"17":{"start":{"line":56,"column":8},"end":{"line":56,"column":null}},"18":{"start":{"line":57,"column":8},"end":{"line":57,"column":null}},"19":{"start":{"line":60,"column":6},"end":{"line":60,"column":null}},"20":{"start":{"line":63,"column":28},"end":{"line":80,"column":null}},"21":{"start":{"line":64,"column":6},"end":{"line":64,"column":null}},"22":{"start":{"line":66,"column":6},"end":{"line":79,"column":null}},"23":{"start":{"line":67,"column":8},"end":{"line":67,"column":null}},"24":{"start":{"line":68,"column":8},"end":{"line":68,"column":null}},"25":{"start":{"line":69,"column":8},"end":{"line":69,"column":null}},"26":{"start":{"line":71,"column":8},"end":{"line":76,"column":null}},"27":{"start":{"line":78,"column":8},"end":{"line":78,"column":null}},"28":{"start":{"line":83,"column":22},"end":{"line":83,"column":37}},"29":{"start":{"line":85,"column":21},"end":{"line":121,"column":null}},"30":{"start":{"line":87,"column":23},"end":{"line":98,"column":null}},"31":{"start":{"line":100,"column":6},"end":{"line":102,"column":null}},"32":{"start":{"line":101,"column":8},"end":{"line":101,"column":null}},"33":{"start":{"line":104,"column":6},"end":{"line":104,"column":null}},"34":{"start":{"line":108,"column":6},"end":{"line":110,"column":null}},"35":{"start":{"line":111,"column":6},"end":{"line":111,"column":null}},"36":{"start":{"line":114,"column":6},"end":{"line":114,"column":null}},"37":{"start":{"line":115,"column":6},"end":{"line":115,"column":null}},"38":{"start":{"line":119,"column":6},"end":{"line":119,"column":null}},"39":{"start":{"line":123,"column":8},"end":{"line":129,"column":null}},"40":{"start":{"line":124,"column":4},"end":{"line":128,"column":null}},"41":{"start":{"line":125,"column":6},"end":{"line":125,"column":null}},"42":{"start":{"line":127,"column":6},"end":{"line":127,"column":null}},"43":{"start":{"line":130,"column":2},"end":{"line":209,"column":null}},"44":{"start":{"line":138,"column":16},"end":{"line":140,"column":null}},"45":{"start":{"line":139,"column":18},"end":{"line":139,"column":null}},"46":{"start":{"line":141,"column":16},"end":{"line":141,"column":null}},"47":{"start":{"line":150,"column":29},"end":{"line":150,"column":null}},"48":{"start":{"line":162,"column":23},"end":{"line":162,"column":null}},"49":{"start":{"line":169,"column":23},"end":{"line":169,"column":null}},"50":{"start":{"line":172,"column":25},"end":{"line":172,"column":null}},"51":{"start":{"line":187,"column":29},"end":{"line":187,"column":null}},"52":{"start":{"line":195,"column":29},"end":{"line":195,"column":null}},"53":{"start":{"line":205,"column":23},"end":{"line":205,"column":null}}},"fnMap":{"0":{"name":"ProductActions","decl":{"start":{"line":18,"column":9},"end":{"line":18,"column":24}},"loc":{"start":{"line":18,"column":57},"end":{"line":211,"column":null}},"line":18},"1":{"name":"(anonymous_1)","decl":{"start":{"line":28,"column":2},"end":{"line":28,"column":18}},"loc":{"start":{"line":28,"column":18},"end":{"line":48,"column":5}},"line":28},"2":{"name":"(anonymous_2)","decl":{"start":{"line":29,"column":10},"end":{"line":29,"column":null}},"loc":{"start":{"line":31,"column":9},"end":{"line":35,"column":null}},"line":31},"3":{"name":"(anonymous_3)","decl":{"start":{"line":42,"column":4},"end":{"line":42,"column":17}},"loc":{"start":{"line":42,"column":17},"end":{"line":47,"column":null}},"line":42},"4":{"name":"(anonymous_4)","decl":{"start":{"line":54,"column":29},"end":{"line":54,"column":35}},"loc":{"start":{"line":54,"column":42},"end":{"line":61,"column":5}},"line":54},"5":{"name":"(anonymous_5)","decl":{"start":{"line":63,"column":28},"end":{"line":63,"column":35}},"loc":{"start":{"line":63,"column":65},"end":{"line":80,"column":null}},"line":63},"6":{"name":"(anonymous_6)","decl":{"start":{"line":86,"column":16},"end":{"line":86,"column":28}},"loc":{"start":{"line":86,"column":28},"end":{"line":105,"column":null}},"line":86},"7":{"name":"(anonymous_7)","decl":{"start":{"line":107,"column":4},"end":{"line":107,"column":21}},"loc":{"start":{"line":107,"column":21},"end":{"line":116,"column":null}},"line":107},"8":{"name":"(anonymous_8)","decl":{"start":{"line":118,"column":4},"end":{"line":118,"column":19}},"loc":{"start":{"line":118,"column":19},"end":{"line":120,"column":null}},"line":118},"9":{"name":"(anonymous_9)","decl":{"start":{"line":123,"column":8},"end":{"line":123,"column":31}},"loc":{"start":{"line":123,"column":31},"end":{"line":129,"column":null}},"line":123},"10":{"name":"(anonymous_10)","decl":{"start":{"line":137,"column":14},"end":{"line":137,"column":29}},"loc":{"start":{"line":137,"column":29},"end":{"line":142,"column":null}},"line":137},"11":{"name":"(anonymous_11)","decl":{"start":{"line":150,"column":14},"end":{"line":150,"column":29}},"loc":{"start":{"line":150,"column":29},"end":{"line":150,"column":null}},"line":150},"12":{"name":"(anonymous_12)","decl":{"start":{"line":162,"column":8},"end":{"line":162,"column":23}},"loc":{"start":{"line":162,"column":23},"end":{"line":162,"column":null}},"line":162},"13":{"name":"(anonymous_13)","decl":{"start":{"line":169,"column":8},"end":{"line":169,"column":23}},"loc":{"start":{"line":169,"column":23},"end":{"line":169,"column":null}},"line":169},"14":{"name":"(anonymous_14)","decl":{"start":{"line":172,"column":10},"end":{"line":172,"column":25}},"loc":{"start":{"line":172,"column":25},"end":{"line":172,"column":null}},"line":172},"15":{"name":"(anonymous_15)","decl":{"start":{"line":187,"column":14},"end":{"line":187,"column":29}},"loc":{"start":{"line":187,"column":29},"end":{"line":187,"column":null}},"line":187},"16":{"name":"(anonymous_16)","decl":{"start":{"line":195,"column":14},"end":{"line":195,"column":29}},"loc":{"start":{"line":195,"column":29},"end":{"line":195,"column":null}},"line":195},"17":{"name":"(anonymous_17)","decl":{"start":{"line":205,"column":8},"end":{"line":205,"column":23}},"loc":{"start":{"line":205,"column":23},"end":{"line":205,"column":null}},"line":205}},"branchMap":{"0":{"loc":{"start":{"line":24,"column":21},"end":{"line":24,"column":null}},"type":"binary-expr","locations":[{"start":{"line":24,"column":21},"end":{"line":24,"column":46}},{"start":{"line":24,"column":46},"end":{"line":24,"column":null}}],"line":24},"1":{"loc":{"start":{"line":25,"column":72},"end":{"line":25,"column":99}},"type":"binary-expr","locations":[{"start":{"line":25,"column":72},"end":{"line":25,"column":97}},{"start":{"line":25,"column":97},"end":{"line":25,"column":99}}],"line":25},"2":{"loc":{"start":{"line":26,"column":17},"end":{"line":26,"column":null}},"type":"binary-expr","locations":[{"start":{"line":26,"column":17},"end":{"line":26,"column":47}},{"start":{"line":26,"column":47},"end":{"line":26,"column":null}}],"line":26},"3":{"loc":{"start":{"line":53,"column":4},"end":{"line":61,"column":null}},"type":"binary-expr","locations":[{"start":{"line":53,"column":4},"end":{"line":53,"column":null}},{"start":{"line":54,"column":4},"end":{"line":61,"column":null}}],"line":53},"4":{"loc":{"start":{"line":55,"column":6},"end":{"line":58,"column":null}},"type":"if","locations":[{"start":{"line":55,"column":6},"end":{"line":58,"column":null}},{"start":{},"end":{}}],"line":55},"5":{"loc":{"start":{"line":72,"column":10},"end":{"line":74,"column":null}},"type":"cond-expr","locations":[{"start":{"line":73,"column":14},"end":{"line":73,"column":null}},{"start":{"line":74,"column":14},"end":{"line":74,"column":null}}],"line":72},"6":{"loc":{"start":{"line":100,"column":6},"end":{"line":102,"column":null}},"type":"if","locations":[{"start":{"line":100,"column":6},"end":{"line":102,"column":null}},{"start":{},"end":{}}],"line":100},"7":{"loc":{"start":{"line":124,"column":4},"end":{"line":128,"column":null}},"type":"if","locations":[{"start":{"line":124,"column":4},"end":{"line":128,"column":null}},{"start":{"line":126,"column":11},"end":{"line":128,"column":null}}],"line":124},"8":{"loc":{"start":{"line":132,"column":7},"end":{"line":158,"column":null}},"type":"binary-expr","locations":[{"start":{"line":132,"column":7},"end":{"line":132,"column":null}},{"start":{"line":133,"column":8},"end":{"line":158,"column":null}}],"line":132},"9":{"loc":{"start":{"line":138,"column":16},"end":{"line":140,"column":null}},"type":"if","locations":[{"start":{"line":138,"column":16},"end":{"line":140,"column":null}},{"start":{},"end":{}}],"line":138},"10":{"loc":{"start":{"line":138,"column":20},"end":{"line":138,"column":49}},"type":"binary-expr","locations":[{"start":{"line":138,"column":20},"end":{"line":138,"column":33}},{"start":{"line":138,"column":33},"end":{"line":138,"column":49}}],"line":138},"11":{"loc":{"start":{"line":144,"column":15},"end":{"line":144,"column":null}},"type":"cond-expr","locations":[{"start":{"line":144,"column":32},"end":{"line":144,"column":46}},{"start":{"line":144,"column":46},"end":{"line":144,"column":null}}],"line":144},"12":{"loc":{"start":{"line":144,"column":46},"end":{"line":144,"column":null}},"type":"cond-expr","locations":[{"start":{"line":144,"column":58},"end":{"line":144,"column":73}},{"start":{"line":144,"column":73},"end":{"line":144,"column":null}}],"line":144},"13":{"loc":{"start":{"line":147,"column":13},"end":{"line":158,"column":null}},"type":"binary-expr","locations":[{"start":{"line":147,"column":13},"end":{"line":147,"column":27}},{"start":{"line":147,"column":27},"end":{"line":158,"column":null}}],"line":147},"14":{"loc":{"start":{"line":152,"column":15},"end":{"line":155,"column":null}},"type":"cond-expr","locations":[{"start":{"line":153,"column":16},"end":{"line":155,"column":17}},{"start":{"line":155,"column":16},"end":{"line":155,"column":null}}],"line":152},"15":{"loc":{"start":{"line":197,"column":15},"end":{"line":197,"column":null}},"type":"cond-expr","locations":[{"start":{"line":197,"column":38},"end":{"line":197,"column":54}},{"start":{"line":197,"column":54},"end":{"line":197,"column":null}}],"line":197}},"s":{"0":46,"1":46,"2":46,"3":46,"4":46,"5":46,"6":46,"7":46,"8":46,"9":17,"10":1,"11":1,"12":17,"13":17,"14":17,"15":46,"16":19,"17":17,"18":17,"19":2,"20":46,"21":3,"22":3,"23":3,"24":2,"25":2,"26":1,"27":3,"28":46,"29":46,"30":2,"31":2,"32":1,"33":1,"34":1,"35":1,"36":1,"37":1,"38":1,"39":46,"40":10,"41":7,"42":3,"43":46,"44":5,"45":1,"46":4,"47":10,"48":3,"49":0,"50":1,"51":1,"52":2,"53":1},"f":{"0":46,"1":17,"2":1,"3":17,"4":19,"5":3,"6":2,"7":1,"8":1,"9":10,"10":5,"11":10,"12":3,"13":0,"14":1,"15":1,"16":2,"17":1},"b":{"0":[46,1],"1":[46,0],"2":[46,1],"3":[46,44],"4":[17,2],"5":[1,0],"6":[1,1],"7":[7,3],"8":[46,44],"9":[1,4],"10":[5,4],"11":[3,41],"12":[4,37],"13":[44,44],"14":[17,27],"15":[2,43]},"meta":{"lastBranch":16,"lastFunction":18,"lastStatement":54,"seen":{"f:18:9:18:24":0,"s:19:40:19:Infinity":0,"s:20:46:20:Infinity":1,"s:21:36:21:Infinity":2,"s:22:52:22:Infinity":3,"s:23:46:23:Infinity":4,"s:24:21:24:Infinity":5,"b:24:21:24:46:24:46:24:Infinity":0,"s:25:36:25:Infinity":6,"b:25:72:25:97:25:97:25:99":1,"s:26:17:26:Infinity":7,"b:26:17:26:47:26:47:26:Infinity":2,"s:28:2:48:Infinity":8,"f:28:2:28:18":1,"s:29:10:35:Infinity":9,"f:29:10:29:Infinity":2,"s:32:26:32:Infinity":10,"s:34:6:34:Infinity":11,"s:37:4:40:Infinity":12,"s:42:4:47:Infinity":13,"f:42:4:42:17":3,"s:43:6:46:Infinity":14,"s:53:4:61:Infinity":15,"b:53:4:53:Infinity:54:4:61:Infinity":3,"f:54:29:54:35":4,"b:55:6:58:Infinity:undefined:undefined:undefined:undefined":4,"s:55:6:58:Infinity":16,"s:56:8:56:Infinity":17,"s:57:8:57:Infinity":18,"s:60:6:60:Infinity":19,"s:63:28:80:Infinity":20,"f:63:28:63:35":5,"s:64:6:64:Infinity":21,"s:66:6:79:Infinity":22,"s:67:8:67:Infinity":23,"s:68:8:68:Infinity":24,"s:69:8:69:Infinity":25,"s:71:8:76:Infinity":26,"b:73:14:73:Infinity:74:14:74:Infinity":5,"s:78:8:78:Infinity":27,"s:83:22:83:37":28,"s:85:21:121:Infinity":29,"f:86:16:86:28":6,"s:87:23:98:Infinity":30,"b:100:6:102:Infinity:undefined:undefined:undefined:undefined":6,"s:100:6:102:Infinity":31,"s:101:8:101:Infinity":32,"s:104:6:104:Infinity":33,"f:107:4:107:21":7,"s:108:6:110:Infinity":34,"s:111:6:111:Infinity":35,"s:114:6:114:Infinity":36,"s:115:6:115:Infinity":37,"f:118:4:118:19":8,"s:119:6:119:Infinity":38,"s:123:8:129:Infinity":39,"f:123:8:123:31":9,"b:124:4:128:Infinity:126:11:128:Infinity":7,"s:124:4:128:Infinity":40,"s:125:6:125:Infinity":41,"s:127:6:127:Infinity":42,"s:130:2:209:Infinity":43,"b:132:7:132:Infinity:133:8:158:Infinity":8,"f:137:14:137:29":10,"b:138:16:140:Infinity:undefined:undefined:undefined:undefined":9,"s:138:16:140:Infinity":44,"b:138:20:138:33:138:33:138:49":10,"s:139:18:139:Infinity":45,"s:141:16:141:Infinity":46,"b:144:32:144:46:144:46:144:Infinity":11,"b:144:58:144:73:144:73:144:Infinity":12,"b:147:13:147:27:147:27:158:Infinity":13,"f:150:14:150:29":11,"s:150:29:150:Infinity":47,"b:153:16:155:17:155:16:155:Infinity":14,"f:162:8:162:23":12,"s:162:23:162:Infinity":48,"f:169:8:169:23":13,"s:169:23:169:Infinity":49,"f:172:10:172:25":14,"s:172:25:172:Infinity":50,"f:187:14:187:29":15,"s:187:29:187:Infinity":51,"f:195:14:195:29":16,"s:195:29:195:Infinity":52,"b:197:38:197:54:197:54:197:Infinity":15,"f:205:8:205:23":17,"s:205:23:205:Infinity":53},"fnNames":{}}}
,"D:\\BookRental\\category_widget\\src\\components\\ProductListing.tsx": {"path":"D:\\BookRental\\category_widget\\src\\components\\ProductListing.tsx","statementMap":{"0":{"start":{"line":11,"column":6},"end":{"line":151,"column":null}},"1":{"start":{"line":12,"column":89},"end":{"line":12,"column":99}},"2":{"start":{"line":13,"column":30},"end":{"line":13,"column":null}},"3":{"start":{"line":14,"column":40},"end":{"line":14,"column":null}},"4":{"start":{"line":15,"column":30},"end":{"line":15,"column":null}},"5":{"start":{"line":17,"column":2},"end":{"line":23,"column":null}},"6":{"start":{"line":18,"column":19},"end":{"line":18,"column":null}},"7":{"start":{"line":20,"column":4},"end":{"line":22,"column":null}},"8":{"start":{"line":21,"column":6},"end":{"line":21,"column":null}},"9":{"start":{"line":25,"column":2},"end":{"line":34,"column":null}},"10":{"start":{"line":26,"column":4},"end":{"line":26,"column":null}},"11":{"start":{"line":36,"column":58},"end":{"line":57,"column":null}},"12":{"start":{"line":48,"column":6},"end":{"line":56,"column":null}},"13":{"start":{"line":59,"column":19},"end":{"line":59,"column":null}},"14":{"start":{"line":60,"column":21},"end":{"line":60,"column":null}},"15":{"start":{"line":61,"column":21},"end":{"line":61,"column":null}},"16":{"start":{"line":62,"column":19},"end":{"line":62,"column":null}},"17":{"start":{"line":63,"column":20},"end":{"line":63,"column":null}},"18":{"start":{"line":64,"column":18},"end":{"line":64,"column":null}},"19":{"start":{"line":66,"column":2},"end":{"line":66,"column":null}},"20":{"start":{"line":66,"column":15},"end":{"line":66,"column":null}},"21":{"start":{"line":68,"column":8},"end":{"line":71,"column":null}},"22":{"start":{"line":69,"column":4},"end":{"line":69,"column":null}},"23":{"start":{"line":70,"column":4},"end":{"line":70,"column":null}},"24":{"start":{"line":73,"column":2},"end":{"line":149,"column":null}},"25":{"start":{"line":93,"column":12},"end":{"line":93,"column":null}},"26":{"start":{"line":94,"column":12},"end":{"line":94,"column":null}},"27":{"start":{"line":123,"column":16},"end":{"line":133,"column":null}},"28":{"start":{"line":130,"column":40},"end":{"line":130,"column":null}}},"fnMap":{"0":{"name":"(anonymous_0)","decl":{"start":{"line":11,"column":6},"end":{"line":11,"column":29}},"loc":{"start":{"line":11,"column":29},"end":{"line":151,"column":null}},"line":11},"1":{"name":"(anonymous_1)","decl":{"start":{"line":17,"column":2},"end":{"line":17,"column":18}},"loc":{"start":{"line":17,"column":18},"end":{"line":23,"column":5}},"line":17},"2":{"name":"(anonymous_2)","decl":{"start":{"line":25,"column":2},"end":{"line":25,"column":18}},"loc":{"start":{"line":25,"column":18},"end":{"line":27,"column":5}},"line":25},"3":{"name":"(anonymous_3)","decl":{"start":{"line":47,"column":4},"end":{"line":47,"column":null}},"loc":{"start":{"line":48,"column":6},"end":{"line":56,"column":null}},"line":48},"4":{"name":"(anonymous_4)","decl":{"start":{"line":68,"column":8},"end":{"line":68,"column":25}},"loc":{"start":{"line":68,"column":40},"end":{"line":71,"column":null}},"line":68},"5":{"name":"(anonymous_5)","decl":{"start":{"line":92,"column":10},"end":{"line":92,"column":21}},"loc":{"start":{"line":92,"column":31},"end":{"line":95,"column":null}},"line":92},"6":{"name":"(anonymous_6)","decl":{"start":{"line":122,"column":24},"end":{"line":122,"column":29}},"loc":{"start":{"line":123,"column":16},"end":{"line":133,"column":null}},"line":123},"7":{"name":"(anonymous_7)","decl":{"start":{"line":130,"column":18},"end":{"line":130,"column":40}},"loc":{"start":{"line":130,"column":40},"end":{"line":130,"column":null}},"line":130}},"branchMap":{"0":{"loc":{"start":{"line":20,"column":4},"end":{"line":22,"column":null}},"type":"if","locations":[{"start":{"line":20,"column":4},"end":{"line":22,"column":null}},{"start":{},"end":{}}],"line":20},"1":{"loc":{"start":{"line":59,"column":19},"end":{"line":59,"column":null}},"type":"binary-expr","locations":[{"start":{"line":59,"column":19},"end":{"line":59,"column":37}},{"start":{"line":59,"column":37},"end":{"line":59,"column":null}}],"line":59},"2":{"loc":{"start":{"line":60,"column":21},"end":{"line":60,"column":null}},"type":"binary-expr","locations":[{"start":{"line":60,"column":21},"end":{"line":60,"column":41}},{"start":{"line":60,"column":41},"end":{"line":60,"column":null}}],"line":60},"3":{"loc":{"start":{"line":61,"column":21},"end":{"line":61,"column":null}},"type":"binary-expr","locations":[{"start":{"line":61,"column":21},"end":{"line":61,"column":41}},{"start":{"line":61,"column":41},"end":{"line":61,"column":null}}],"line":61},"4":{"loc":{"start":{"line":63,"column":20},"end":{"line":63,"column":null}},"type":"cond-expr","locations":[{"start":{"line":63,"column":39},"end":{"line":63,"column":44}},{"start":{"line":63,"column":39},"end":{"line":63,"column":null}}],"line":63},"5":{"loc":{"start":{"line":64,"column":18},"end":{"line":64,"column":null}},"type":"cond-expr","locations":[{"start":{"line":64,"column":37},"end":{"line":64,"column":41}},{"start":{"line":64,"column":41},"end":{"line":64,"column":null}}],"line":64},"6":{"loc":{"start":{"line":66,"column":2},"end":{"line":66,"column":null}},"type":"if","locations":[{"start":{"line":66,"column":2},"end":{"line":66,"column":null}},{"start":{},"end":{}}],"line":66},"7":{"loc":{"start":{"line":96,"column":20},"end":{"line":96,"column":null}},"type":"binary-expr","locations":[{"start":{"line":96,"column":20},"end":{"line":96,"column":33}},{"start":{"line":96,"column":33},"end":{"line":96,"column":47}},{"start":{"line":96,"column":47},"end":{"line":96,"column":null}}],"line":96},"8":{"loc":{"start":{"line":102,"column":10},"end":{"line":145,"column":null}},"type":"cond-expr","locations":[{"start":{"line":106,"column":10},"end":{"line":109,"column":21}},{"start":{"line":109,"column":12},"end":{"line":145,"column":null}}],"line":102},"9":{"loc":{"start":{"line":102,"column":10},"end":{"line":102,"column":null}},"type":"binary-expr","locations":[{"start":{"line":102,"column":10},"end":{"line":102,"column":24}},{"start":{"line":102,"column":24},"end":{"line":102,"column":null}}],"line":102},"10":{"loc":{"start":{"line":109,"column":12},"end":{"line":145,"column":null}},"type":"cond-expr","locations":[{"start":{"line":110,"column":10},"end":{"line":120,"column":11}},{"start":{"line":120,"column":10},"end":{"line":145,"column":null}}],"line":109},"11":{"loc":{"start":{"line":125,"column":28},"end":{"line":125,"column":null}},"type":"binary-expr","locations":[{"start":{"line":125,"column":28},"end":{"line":125,"column":50}},{"start":{"line":125,"column":50},"end":{"line":125,"column":null}}],"line":125},"12":{"loc":{"start":{"line":137,"column":13},"end":{"line":145,"column":null}},"type":"binary-expr","locations":[{"start":{"line":137,"column":13},"end":{"line":137,"column":32}},{"start":{"line":137,"column":32},"end":{"line":145,"column":null}}],"line":137}},"s":{"0":1,"1":16,"2":16,"3":16,"4":16,"5":16,"6":10,"7":10,"8":2,"9":16,"10":13,"11":16,"12":0,"13":16,"14":16,"15":16,"16":16,"17":16,"18":16,"19":16,"20":1,"21":15,"22":1,"23":1,"24":15,"25":1,"26":1,"27":26,"28":1},"f":{"0":16,"1":10,"2":13,"3":0,"4":1,"5":1,"6":26,"7":1},"b":{"0":[2,8],"1":[16,2],"2":[16,2],"3":[16,2],"4":[3,13],"5":[3,13],"6":[1,15],"7":[15,14,14],"8":[1,14],"9":[16,15],"10":[1,13],"11":[26,26],"12":[13,4]},"meta":{"lastBranch":13,"lastFunction":8,"lastStatement":29,"seen":{"s:11:6:151:Infinity":0,"f:11:6:11:29":0,"s:12:89:12:99":1,"s:13:30:13:Infinity":2,"s:14:40:14:Infinity":3,"s:15:30:15:Infinity":4,"s:17:2:23:Infinity":5,"f:17:2:17:18":1,"s:18:19:18:Infinity":6,"b:20:4:22:Infinity:undefined:undefined:undefined:undefined":0,"s:20:4:22:Infinity":7,"s:21:6:21:Infinity":8,"s:25:2:34:Infinity":9,"f:25:2:25:18":2,"s:26:4:26:Infinity":10,"s:36:58:57:Infinity":11,"f:47:4:47:Infinity":3,"s:48:6:56:Infinity":12,"s:59:19:59:Infinity":13,"b:59:19:59:37:59:37:59:Infinity":1,"s:60:21:60:Infinity":14,"b:60:21:60:41:60:41:60:Infinity":2,"s:61:21:61:Infinity":15,"b:61:21:61:41:61:41:61:Infinity":3,"s:62:19:62:Infinity":16,"s:63:20:63:Infinity":17,"b:63:39:63:44:63:39:63:Infinity":4,"s:64:18:64:Infinity":18,"b:64:37:64:41:64:41:64:Infinity":5,"b:66:2:66:Infinity:undefined:undefined:undefined:undefined":6,"s:66:2:66:Infinity":19,"s:66:15:66:Infinity":20,"s:68:8:71:Infinity":21,"f:68:8:68:25":4,"s:69:4:69:Infinity":22,"s:70:4:70:Infinity":23,"s:73:2:149:Infinity":24,"f:92:10:92:21":5,"s:93:12:93:Infinity":25,"s:94:12:94:Infinity":26,"b:96:20:96:33:96:33:96:47:96:47:96:Infinity":7,"b:106:10:109:21:109:12:145:Infinity":8,"b:102:10:102:24:102:24:102:Infinity":9,"b:110:10:120:11:120:10:145:Infinity":10,"f:122:24:122:29":6,"s:123:16:133:Infinity":27,"b:125:28:125:50:125:50:125:Infinity":11,"f:130:18:130:40":7,"s:130:40:130:Infinity":28,"b:137:13:137:32:137:32:145:Infinity":12},"fnNames":{}}}
,"D:\\BookRental\\category_widget\\src\\components\\ProductSort.tsx": {"path":"D:\\BookRental\\category_widget\\src\\components\\ProductSort.tsx","statementMap":{"0":{"start":{"line":9,"column":20},"end":{"line":34,"column":null}},"1":{"start":{"line":41,"column":2},"end":{"line":55,"column":null}}},"fnMap":{"0":{"name":"ProductSort","decl":{"start":{"line":36,"column":9},"end":{"line":36,"column":21}},"loc":{"start":{"line":40,"column":21},"end":{"line":57,"column":null}},"line":40}},"branchMap":{"0":{"loc":{"start":{"line":39,"column":2},"end":{"line":39,"column":null}},"type":"default-arg","locations":[{"start":{"line":39,"column":13},"end":{"line":39,"column":null}}],"line":39}},"s":{"0":1,"1":5},"f":{"0":5},"b":{"0":[5]},"meta":{"lastBranch":1,"lastFunction":1,"lastStatement":2,"seen":{"s:9:20:34:Infinity":0,"f:36:9:36:21":0,"b:39:13:39:Infinity":0,"s:41:2:55:Infinity":1},"fnNames":{}}}
,"D:\\BookRental\\category_widget\\src\\components\\WishlistModal.tsx": {"path":"D:\\BookRental\\category_widget\\src\\components\\WishlistModal.tsx","statementMap":{"0":{"start":{"line":17,"column":19},"end":{"line":17,"column":null}},"1":{"start":{"line":21,"column":6},"end":{"line":21,"column":null}},"2":{"start":{"line":24,"column":2},"end":{"line":27,"column":null}},"3":{"start":{"line":24,"column":32},"end":{"line":27,"column":4}},"4":{"start":{"line":29,"column":50},"end":{"line":29,"column":null}},"5":{"start":{"line":30,"column":38},"end":{"line":30,"column":null}},"6":{"start":{"line":31,"column":40},"end":{"line":31,"column":null}},"7":{"start":{"line":33,"column":2},"end":{"line":39,"column":null}},"8":{"start":{"line":34,"column":4},"end":{"line":38,"column":null}},"9":{"start":{"line":35,"column":6},"end":{"line":35,"column":null}},"10":{"start":{"line":36,"column":6},"end":{"line":36,"column":null}},"11":{"start":{"line":37,"column":6},"end":{"line":37,"column":null}},"12":{"start":{"line":41,"column":2},"end":{"line":51,"column":null}},"13":{"start":{"line":42,"column":4},"end":{"line":42,"column":null}},"14":{"start":{"line":42,"column":26},"end":{"line":42,"column":null}},"15":{"start":{"line":43,"column":4},"end":{"line":47,"column":null}},"16":{"start":{"line":44,"column":8},"end":{"line":44,"column":null}},"17":{"start":{"line":45,"column":8},"end":{"line":45,"column":null}},"18":{"start":{"line":46,"column":8},"end":{"line":46,"column":null}},"19":{"start":{"line":49,"column":4},"end":{"line":49,"column":null}},"20":{"start":{"line":50,"column":4},"end":{"line":50,"column":null}},"21":{"start":{"line":53,"column":21},"end":{"line":72,"column":null}},"22":{"start":{"line":57,"column":4},"end":{"line":71,"column":null}},"23":{"start":{"line":58,"column":8},"end":{"line":61,"column":null}},"24":{"start":{"line":63,"column":8},"end":{"line":63,"column":null}},"25":{"start":{"line":65,"column":8},"end":{"line":65,"column":null}},"26":{"start":{"line":67,"column":8},"end":{"line":70,"column":null}},"27":{"start":{"line":74,"column":23},"end":{"line":96,"column":null}},"28":{"start":{"line":75,"column":4},"end":{"line":78,"column":null}},"29":{"start":{"line":76,"column":8},"end":{"line":76,"column":null}},"30":{"start":{"line":77,"column":8},"end":{"line":77,"column":null}},"31":{"start":{"line":80,"column":4},"end":{"line":95,"column":null}},"32":{"start":{"line":81,"column":23},"end":{"line":83,"column":null}},"33":{"start":{"line":85,"column":8},"end":{"line":88,"column":null}},"34":{"start":{"line":90,"column":8},"end":{"line":90,"column":null}},"35":{"start":{"line":91,"column":8},"end":{"line":91,"column":null}},"36":{"start":{"line":94,"column":8},"end":{"line":94,"column":null}},"37":{"start":{"line":98,"column":2},"end":{"line":188,"column":null}},"38":{"start":{"line":119,"column":39},"end":{"line":119,"column":null}},"39":{"start":{"line":128,"column":45},"end":{"line":130,"column":null}},"40":{"start":{"line":129,"column":39},"end":{"line":129,"column":null}},"41":{"start":{"line":131,"column":28},"end":{"line":131,"column":null}},"42":{"start":{"line":131,"column":43},"end":{"line":131,"column":null}},"43":{"start":{"line":133,"column":28},"end":{"line":136,"column":null}},"44":{"start":{"line":152,"column":45},"end":{"line":152,"column":null}},"45":{"start":{"line":161,"column":28},"end":{"line":161,"column":null}},"46":{"start":{"line":162,"column":28},"end":{"line":162,"column":null}}},"fnMap":{"0":{"name":"WishlistModal","decl":{"start":{"line":16,"column":9},"end":{"line":16,"column":23}},"loc":{"start":{"line":16,"column":80},"end":{"line":190,"column":null}},"line":16},"1":{"name":"(anonymous_1)","decl":{"start":{"line":24,"column":13},"end":{"line":24,"column":18}},"loc":{"start":{"line":24,"column":32},"end":{"line":27,"column":4}},"line":24},"2":{"name":"(anonymous_2)","decl":{"start":{"line":33,"column":2},"end":{"line":33,"column":18}},"loc":{"start":{"line":33,"column":18},"end":{"line":39,"column":5}},"line":33},"3":{"name":"(anonymous_3)","decl":{"start":{"line":41,"column":2},"end":{"line":41,"column":18}},"loc":{"start":{"line":41,"column":18},"end":{"line":51,"column":7}},"line":41},"4":{"name":"(anonymous_4)","decl":{"start":{"line":53,"column":21},"end":{"line":53,"column":null}},"loc":{"start":{"line":56,"column":9},"end":{"line":72,"column":null}},"line":56},"5":{"name":"(anonymous_5)","decl":{"start":{"line":74,"column":23},"end":{"line":74,"column":35}},"loc":{"start":{"line":74,"column":35},"end":{"line":96,"column":null}},"line":74},"6":{"name":"(anonymous_6)","decl":{"start":{"line":119,"column":24},"end":{"line":119,"column":39}},"loc":{"start":{"line":119,"column":39},"end":{"line":119,"column":null}},"line":119},"7":{"name":"(anonymous_7)","decl":{"start":{"line":127,"column":24},"end":{"line":127,"column":39}},"loc":{"start":{"line":127,"column":39},"end":{"line":137,"column":null}},"line":127},"8":{"name":"(anonymous_8)","decl":{"start":{"line":128,"column":56},"end":{"line":128,"column":null}},"loc":{"start":{"line":129,"column":39},"end":{"line":129,"column":null}},"line":129},"9":{"name":"(anonymous_9)","decl":{"start":{"line":152,"column":28},"end":{"line":152,"column":39}},"loc":{"start":{"line":152,"column":45},"end":{"line":152,"column":null}},"line":152},"10":{"name":"(anonymous_10)","decl":{"start":{"line":160,"column":28},"end":{"line":160,"column":43}},"loc":{"start":{"line":160,"column":43},"end":{"line":163,"column":null}},"line":160}},"branchMap":{"0":{"loc":{"start":{"line":24,"column":2},"end":{"line":27,"column":null}},"type":"binary-expr","locations":[{"start":{"line":24,"column":2},"end":{"line":27,"column":9}},{"start":{"line":27,"column":9},"end":{"line":27,"column":null}}],"line":24},"1":{"loc":{"start":{"line":34,"column":4},"end":{"line":38,"column":null}},"type":"if","locations":[{"start":{"line":34,"column":4},"end":{"line":38,"column":null}},{"start":{},"end":{}}],"line":34},"2":{"loc":{"start":{"line":42,"column":4},"end":{"line":42,"column":null}},"type":"if","locations":[{"start":{"line":42,"column":4},"end":{"line":42,"column":null}},{"start":{},"end":{}}],"line":42},"3":{"loc":{"start":{"line":42,"column":8},"end":{"line":42,"column":26}},"type":"binary-expr","locations":[{"start":{"line":42,"column":8},"end":{"line":42,"column":19}},{"start":{"line":42,"column":19},"end":{"line":42,"column":26}}],"line":42},"4":{"loc":{"start":{"line":43,"column":4},"end":{"line":47,"column":null}},"type":"if","locations":[{"start":{"line":43,"column":4},"end":{"line":47,"column":null}},{"start":{},"end":{}}],"line":43},"5":{"loc":{"start":{"line":68,"column":8},"end":{"line":70,"column":43}},"type":"cond-expr","locations":[{"start":{"line":69,"column":14},"end":{"line":69,"column":null}},{"start":{"line":70,"column":14},"end":{"line":70,"column":43}}],"line":68},"6":{"loc":{"start":{"line":75,"column":4},"end":{"line":78,"column":null}},"type":"if","locations":[{"start":{"line":75,"column":4},"end":{"line":78,"column":null}},{"start":{},"end":{}}],"line":75},"7":{"loc":{"start":{"line":94,"column":19},"end":{"line":94,"column":89}},"type":"cond-expr","locations":[{"start":{"line":94,"column":43},"end":{"line":94,"column":59}},{"start":{"line":94,"column":59},"end":{"line":94,"column":89}}],"line":94},"8":{"loc":{"start":{"line":101,"column":9},"end":{"line":103,"column":null}},"type":"cond-expr","locations":[{"start":{"line":102,"column":10},"end":{"line":102,"column":null}},{"start":{"line":103,"column":10},"end":{"line":103,"column":null}}],"line":101},"9":{"loc":{"start":{"line":107,"column":9},"end":{"line":187,"column":null}},"type":"cond-expr","locations":[{"start":{"line":108,"column":12},"end":{"line":144,"column":13}},{"start":{"line":144,"column":12},"end":{"line":187,"column":null}}],"line":107},"10":{"loc":{"start":{"line":126,"column":34},"end":{"line":126,"column":null}},"type":"binary-expr","locations":[{"start":{"line":126,"column":34},"end":{"line":126,"column":55}},{"start":{"line":126,"column":55},"end":{"line":126,"column":null}}],"line":126},"11":{"loc":{"start":{"line":131,"column":28},"end":{"line":131,"column":null}},"type":"if","locations":[{"start":{"line":131,"column":28},"end":{"line":131,"column":null}},{"start":{},"end":{}}],"line":131},"12":{"loc":{"start":{"line":139,"column":25},"end":{"line":139,"column":null}},"type":"cond-expr","locations":[{"start":{"line":139,"column":53},"end":{"line":139,"column":67}},{"start":{"line":139,"column":67},"end":{"line":139,"column":null}}],"line":139},"13":{"loc":{"start":{"line":157,"column":21},"end":{"line":170,"column":21}},"type":"binary-expr","locations":[{"start":{"line":157,"column":21},"end":{"line":157,"column":null}},{"start":{"line":158,"column":24},"end":{"line":170,"column":21}}],"line":157},"14":{"loc":{"start":{"line":172,"column":28},"end":{"line":174,"column":null}},"type":"binary-expr","locations":[{"start":{"line":172,"column":28},"end":{"line":172,"column":null}},{"start":{"line":173,"column":28},"end":{"line":173,"column":null}},{"start":{"line":174,"column":28},"end":{"line":174,"column":null}}],"line":172},"15":{"loc":{"start":{"line":178,"column":25},"end":{"line":181,"column":null}},"type":"cond-expr","locations":[{"start":{"line":180,"column":26},"end":{"line":180,"column":null}},{"start":{"line":181,"column":26},"end":{"line":181,"column":null}}],"line":178},"16":{"loc":{"start":{"line":178,"column":25},"end":{"line":179,"column":null}},"type":"binary-expr","locations":[{"start":{"line":178,"column":25},"end":{"line":178,"column":null}},{"start":{"line":179,"column":24},"end":{"line":179,"column":null}}],"line":178}},"s":{"0":53,"1":53,"2":53,"3":102,"4":53,"5":53,"6":53,"7":53,"8":13,"9":1,"10":1,"11":1,"12":53,"13":13,"14":1,"15":12,"16":1,"17":1,"18":1,"19":11,"20":11,"21":53,"22":2,"23":2,"24":1,"25":1,"26":1,"27":53,"28":2,"29":0,"30":0,"31":2,"32":2,"33":1,"34":1,"35":1,"36":1,"37":53,"38":6,"39":2,"40":2,"41":2,"42":0,"43":2,"44":18,"45":1,"46":1},"f":{"0":53,"1":102,"2":13,"3":13,"4":2,"5":2,"6":6,"7":2,"8":2,"9":18,"10":1},"b":{"0":[53,0],"1":[1,12],"2":[1,12],"3":[13,12],"4":[1,11],"5":[1,0],"6":[0,2],"7":[1,0],"8":[26,27],"9":[27,26],"10":[27,14],"11":[0,2],"12":[0,27],"13":[26,25],"14":[26,19,19],"15":[0,26],"16":[26,26]},"meta":{"lastBranch":17,"lastFunction":11,"lastStatement":47,"seen":{"f:16:9:16:23":0,"s:17:19:17:Infinity":0,"s:21:6:21:Infinity":1,"s:24:2:27:Infinity":2,"b:24:2:27:9:27:9:27:Infinity":0,"f:24:13:24:18":1,"s:24:32:27:4":3,"s:29:50:29:Infinity":4,"s:30:38:30:Infinity":5,"s:31:40:31:Infinity":6,"s:33:2:39:Infinity":7,"f:33:2:33:18":2,"b:34:4:38:Infinity:undefined:undefined:undefined:undefined":1,"s:34:4:38:Infinity":8,"s:35:6:35:Infinity":9,"s:36:6:36:Infinity":10,"s:37:6:37:Infinity":11,"s:41:2:51:Infinity":12,"f:41:2:41:18":3,"b:42:4:42:Infinity:undefined:undefined:undefined:undefined":2,"s:42:4:42:Infinity":13,"b:42:8:42:19:42:19:42:26":3,"s:42:26:42:Infinity":14,"b:43:4:47:Infinity:undefined:undefined:undefined:undefined":4,"s:43:4:47:Infinity":15,"s:44:8:44:Infinity":16,"s:45:8:45:Infinity":17,"s:46:8:46:Infinity":18,"s:49:4:49:Infinity":19,"s:50:4:50:Infinity":20,"s:53:21:72:Infinity":21,"f:53:21:53:Infinity":4,"s:57:4:71:Infinity":22,"s:58:8:61:Infinity":23,"s:63:8:63:Infinity":24,"s:65:8:65:Infinity":25,"s:67:8:70:Infinity":26,"b:69:14:69:Infinity:70:14:70:43":5,"s:74:23:96:Infinity":27,"f:74:23:74:35":5,"b:75:4:78:Infinity:undefined:undefined:undefined:undefined":6,"s:75:4:78:Infinity":28,"s:76:8:76:Infinity":29,"s:77:8:77:Infinity":30,"s:80:4:95:Infinity":31,"s:81:23:83:Infinity":32,"s:85:8:88:Infinity":33,"s:90:8:90:Infinity":34,"s:91:8:91:Infinity":35,"s:94:8:94:Infinity":36,"b:94:43:94:59:94:59:94:89":7,"s:98:2:188:Infinity":37,"b:102:10:102:Infinity:103:10:103:Infinity":8,"b:108:12:144:13:144:12:187:Infinity":9,"f:119:24:119:39":6,"s:119:39:119:Infinity":38,"b:126:34:126:55:126:55:126:Infinity":10,"f:127:24:127:39":7,"s:128:45:130:Infinity":39,"f:128:56:128:Infinity":8,"s:129:39:129:Infinity":40,"b:131:28:131:Infinity:undefined:undefined:undefined:undefined":11,"s:131:28:131:Infinity":41,"s:131:43:131:Infinity":42,"s:133:28:136:Infinity":43,"b:139:53:139:67:139:67:139:Infinity":12,"f:152:28:152:39":9,"s:152:45:152:Infinity":44,"b:157:21:157:Infinity:158:24:170:21":13,"f:160:28:160:43":10,"s:161:28:161:Infinity":45,"s:162:28:162:Infinity":46,"b:172:28:172:Infinity:173:28:173:Infinity:174:28:174:Infinity":14,"b:180:26:180:Infinity:181:26:181:Infinity":15,"b:178:25:178:Infinity:179:24:179:Infinity":16},"fnNames":{}}}
,"D:\\BookRental\\category_widget\\src\\context\\FilterContext.tsx": {"path":"D:\\BookRental\\category_widget\\src\\context\\FilterContext.tsx","statementMap":{"0":{"start":{"line":32,"column":22},"end":{"line":32,"column":null}},"1":{"start":{"line":34,"column":13},"end":{"line":82,"column":null}},"2":{"start":{"line":39,"column":38},"end":{"line":39,"column":null}},"3":{"start":{"line":41,"column":54},"end":{"line":41,"column":null}},"4":{"start":{"line":43,"column":34},"end":{"line":43,"column":null}},"5":{"start":{"line":45,"column":42},"end":{"line":48,"column":null}},"6":{"start":{"line":50,"column":54},"end":{"line":50,"column":null}},"7":{"start":{"line":52,"column":8},"end":{"line":61,"column":null}},"8":{"start":{"line":53,"column":4},"end":{"line":53,"column":null}},"9":{"start":{"line":54,"column":4},"end":{"line":54,"column":null}},"10":{"start":{"line":55,"column":4},"end":{"line":55,"column":null}},"11":{"start":{"line":56,"column":4},"end":{"line":59,"column":null}},"12":{"start":{"line":60,"column":4},"end":{"line":60,"column":null}},"13":{"start":{"line":63,"column":2},"end":{"line":80,"column":null}},"14":{"start":{"line":84,"column":13},"end":{"line":92,"column":null}},"15":{"start":{"line":85,"column":18},"end":{"line":85,"column":null}},"16":{"start":{"line":87,"column":2},"end":{"line":89,"column":null}},"17":{"start":{"line":88,"column":4},"end":{"line":88,"column":null}},"18":{"start":{"line":91,"column":2},"end":{"line":91,"column":null}}},"fnMap":{"0":{"name":"(anonymous_0)","decl":{"start":{"line":34,"column":13},"end":{"line":34,"column":31}},"loc":{"start":{"line":38,"column":6},"end":{"line":82,"column":null}},"line":38},"1":{"name":"(anonymous_1)","decl":{"start":{"line":52,"column":8},"end":{"line":52,"column":29}},"loc":{"start":{"line":52,"column":29},"end":{"line":61,"column":null}},"line":52},"2":{"name":"(anonymous_2)","decl":{"start":{"line":84,"column":13},"end":{"line":84,"column":31}},"loc":{"start":{"line":84,"column":31},"end":{"line":92,"column":null}},"line":84}},"branchMap":{"0":{"loc":{"start":{"line":87,"column":2},"end":{"line":89,"column":null}},"type":"if","locations":[{"start":{"line":87,"column":2},"end":{"line":89,"column":null}},{"start":{},"end":{}}],"line":87}},"s":{"0":2,"1":2,"2":44,"3":44,"4":44,"5":44,"6":44,"7":44,"8":1,"9":1,"10":1,"11":1,"12":1,"13":44,"14":2,"15":56,"16":56,"17":4,"18":51},"f":{"0":44,"1":1,"2":56},"b":{"0":[4,52]},"meta":{"lastBranch":1,"lastFunction":3,"lastStatement":19,"seen":{"s:32:22:32:Infinity":0,"s:34:13:82:Infinity":1,"f:34:13:34:31":0,"s:39:38:39:Infinity":2,"s:41:54:41:Infinity":3,"s:43:34:43:Infinity":4,"s:45:42:48:Infinity":5,"s:50:54:50:Infinity":6,"s:52:8:61:Infinity":7,"f:52:8:52:29":1,"s:53:4:53:Infinity":8,"s:54:4:54:Infinity":9,"s:55:4:55:Infinity":10,"s:56:4:59:Infinity":11,"s:60:4:60:Infinity":12,"s:63:2:80:Infinity":13,"s:84:13:92:Infinity":14,"f:84:13:84:31":2,"s:85:18:85:Infinity":15,"b:87:2:89:Infinity:undefined:undefined:undefined:undefined":0,"s:87:2:89:Infinity":16,"s:88:4:88:Infinity":17,"s:91:2:91:Infinity":18},"fnNames":{}}}
,"D:\\BookRental\\category_widget\\src\\services\\cartService.ts": {"path":"D:\\BookRental\\category_widget\\src\\services\\cartService.ts","statementMap":{"0":{"start":{"line":3,"column":16},"end":{"line":3,"column":null}},"1":{"start":{"line":5,"column":25},"end":{"line":27,"column":null}},"2":{"start":{"line":8,"column":19},"end":{"line":18,"column":null}},"3":{"start":{"line":20,"column":17},"end":{"line":20,"column":null}},"4":{"start":{"line":22,"column":2},"end":{"line":24,"column":null}},"5":{"start":{"line":23,"column":4},"end":{"line":23,"column":null}},"6":{"start":{"line":26,"column":2},"end":{"line":26,"column":null}}},"fnMap":{"0":{"name":"(anonymous_0)","decl":{"start":{"line":5,"column":25},"end":{"line":5,"column":null}},"loc":{"start":{"line":7,"column":5},"end":{"line":27,"column":null}},"line":7}},"branchMap":{"0":{"loc":{"start":{"line":22,"column":2},"end":{"line":24,"column":null}},"type":"if","locations":[{"start":{"line":22,"column":2},"end":{"line":24,"column":null}},{"start":{},"end":{}}],"line":22}},"s":{"0":1,"1":1,"2":2,"3":2,"4":2,"5":1,"6":1},"f":{"0":2},"b":{"0":[1,1]},"meta":{"lastBranch":1,"lastFunction":1,"lastStatement":7,"seen":{"s:3:16:3:Infinity":0,"s:5:25:27:Infinity":1,"f:5:25:5:Infinity":0,"s:8:19:18:Infinity":2,"s:20:17:20:Infinity":3,"b:22:2:24:Infinity:undefined:undefined:undefined:undefined":0,"s:22:2:24:Infinity":4,"s:23:4:23:Infinity":5,"s:26:2:26:Infinity":6},"fnNames":{}}}
,"D:\\BookRental\\category_widget\\src\\services\\productService.ts": {"path":"D:\\BookRental\\category_widget\\src\\services\\productService.ts","statementMap":{"0":{"start":{"line":14,"column":31},"end":{"line":55,"column":null}},"1":{"start":{"line":15,"column":17},"end":{"line":15,"column":null}},"2":{"start":{"line":17,"column":2},"end":{"line":17,"column":null}},"3":{"start":{"line":18,"column":2},"end":{"line":18,"column":null}},"4":{"start":{"line":19,"column":2},"end":{"line":19,"column":null}},"5":{"start":{"line":20,"column":2},"end":{"line":20,"column":null}},"6":{"start":{"line":22,"column":2},"end":{"line":24,"column":null}},"7":{"start":{"line":23,"column":4},"end":{"line":23,"column":null}},"8":{"start":{"line":26,"column":2},"end":{"line":28,"column":null}},"9":{"start":{"line":27,"column":4},"end":{"line":27,"column":null}},"10":{"start":{"line":30,"column":2},"end":{"line":32,"column":null}},"11":{"start":{"line":31,"column":4},"end":{"line":31,"column":null}},"12":{"start":{"line":34,"column":2},"end":{"line":36,"column":null}},"13":{"start":{"line":35,"column":4},"end":{"line":35,"column":null}},"14":{"start":{"line":38,"column":2},"end":{"line":40,"column":null}},"15":{"start":{"line":39,"column":4},"end":{"line":39,"column":null}},"16":{"start":{"line":42,"column":22},"end":{"line":44,"column":null}},"17":{"start":{"line":45,"column":19},"end":{"line":47,"column":null}},"18":{"start":{"line":49,"column":2},"end":{"line":51,"column":null}},"19":{"start":{"line":50,"column":4},"end":{"line":50,"column":null}},"20":{"start":{"line":53,"column":17},"end":{"line":53,"column":null}},"21":{"start":{"line":54,"column":2},"end":{"line":54,"column":null}}},"fnMap":{"0":{"name":"(anonymous_0)","decl":{"start":{"line":14,"column":31},"end":{"line":14,"column":null}},"loc":{"start":{"line":14,"column":31},"end":{"line":55,"column":null}},"line":14}},"branchMap":{"0":{"loc":{"start":{"line":22,"column":2},"end":{"line":24,"column":null}},"type":"if","locations":[{"start":{"line":22,"column":2},"end":{"line":24,"column":null}},{"start":{},"end":{}}],"line":22},"1":{"loc":{"start":{"line":26,"column":2},"end":{"line":28,"column":null}},"type":"if","locations":[{"start":{"line":26,"column":2},"end":{"line":28,"column":null}},{"start":{},"end":{}}],"line":26},"2":{"loc":{"start":{"line":26,"column":6},"end":{"line":26,"column":38}},"type":"binary-expr","locations":[{"start":{"line":26,"column":6},"end":{"line":26,"column":18}},{"start":{"line":26,"column":18},"end":{"line":26,"column":38}}],"line":26},"3":{"loc":{"start":{"line":30,"column":2},"end":{"line":32,"column":null}},"type":"if","locations":[{"start":{"line":30,"column":2},"end":{"line":32,"column":null}},{"start":{},"end":{}}],"line":30},"4":{"loc":{"start":{"line":34,"column":2},"end":{"line":36,"column":null}},"type":"if","locations":[{"start":{"line":34,"column":2},"end":{"line":36,"column":null}},{"start":{},"end":{}}],"line":34},"5":{"loc":{"start":{"line":38,"column":2},"end":{"line":40,"column":null}},"type":"if","locations":[{"start":{"line":38,"column":2},"end":{"line":40,"column":null}},{"start":{},"end":{}}],"line":38},"6":{"loc":{"start":{"line":49,"column":2},"end":{"line":51,"column":null}},"type":"if","locations":[{"start":{"line":49,"column":2},"end":{"line":51,"column":null}},{"start":{},"end":{}}],"line":49}},"s":{"0":2,"1":3,"2":3,"3":3,"4":3,"5":3,"6":3,"7":1,"8":3,"9":1,"10":3,"11":1,"12":3,"13":1,"14":3,"15":1,"16":3,"17":3,"18":3,"19":1,"20":2,"21":2},"f":{"0":3},"b":{"0":[1,2],"1":[1,2],"2":[3,1],"3":[1,2],"4":[1,2],"5":[1,2],"6":[1,2]},"meta":{"lastBranch":7,"lastFunction":1,"lastStatement":22,"seen":{"s:14:31:55:Infinity":0,"f:14:31:14:Infinity":0,"s:15:17:15:Infinity":1,"s:17:2:17:Infinity":2,"s:18:2:18:Infinity":3,"s:19:2:19:Infinity":4,"s:20:2:20:Infinity":5,"b:22:2:24:Infinity:undefined:undefined:undefined:undefined":0,"s:22:2:24:Infinity":6,"s:23:4:23:Infinity":7,"b:26:2:28:Infinity:undefined:undefined:undefined:undefined":1,"s:26:2:28:Infinity":8,"b:26:6:26:18:26:18:26:38":2,"s:27:4:27:Infinity":9,"b:30:2:32:Infinity:undefined:undefined:undefined:undefined":3,"s:30:2:32:Infinity":10,"s:31:4:31:Infinity":11,"b:34:2:36:Infinity:undefined:undefined:undefined:undefined":4,"s:34:2:36:Infinity":12,"s:35:4:35:Infinity":13,"b:38:2:40:Infinity:undefined:undefined:undefined:undefined":5,"s:38:2:40:Infinity":14,"s:39:4:39:Infinity":15,"s:42:22:44:Infinity":16,"s:45:19:47:Infinity":17,"b:49:2:51:Infinity:undefined:undefined:undefined:undefined":6,"s:49:2:51:Infinity":18,"s:50:4:50:Infinity":19,"s:53:17:53:Infinity":20,"s:54:2:54:Infinity":21},"fnNames":{}}}
,"D:\\BookRental\\category_widget\\src\\services\\wishlistService.ts": {"path":"D:\\BookRental\\category_widget\\src\\services\\wishlistService.ts","statementMap":{"0":{"start":{"line":3,"column":16},"end":{"line":3,"column":null}},"1":{"start":{"line":5,"column":32},"end":{"line":17,"column":null}},"2":{"start":{"line":8,"column":19},"end":{"line":10,"column":null}},"3":{"start":{"line":12,"column":2},"end":{"line":14,"column":null}},"4":{"start":{"line":13,"column":4},"end":{"line":13,"column":null}},"5":{"start":{"line":16,"column":2},"end":{"line":16,"column":null}},"6":{"start":{"line":19,"column":33},"end":{"line":44,"column":null}},"7":{"start":{"line":23,"column":19},"end":{"line":35,"column":null}},"8":{"start":{"line":37,"column":17},"end":{"line":37,"column":null}},"9":{"start":{"line":39,"column":2},"end":{"line":41,"column":null}},"10":{"start":{"line":40,"column":4},"end":{"line":40,"column":null}},"11":{"start":{"line":42,"column":2},"end":{"line":42,"column":null}},"12":{"start":{"line":43,"column":2},"end":{"line":43,"column":null}},"13":{"start":{"line":46,"column":35},"end":{"line":71,"column":null}},"14":{"start":{"line":50,"column":19},"end":{"line":62,"column":null}},"15":{"start":{"line":64,"column":17},"end":{"line":64,"column":null}},"16":{"start":{"line":66,"column":2},"end":{"line":68,"column":null}},"17":{"start":{"line":67,"column":4},"end":{"line":67,"column":null}},"18":{"start":{"line":70,"column":2},"end":{"line":70,"column":null}}},"fnMap":{"0":{"name":"(anonymous_0)","decl":{"start":{"line":5,"column":32},"end":{"line":5,"column":null}},"loc":{"start":{"line":7,"column":32},"end":{"line":17,"column":null}},"line":7},"1":{"name":"(anonymous_1)","decl":{"start":{"line":19,"column":33},"end":{"line":19,"column":null}},"loc":{"start":{"line":22,"column":5},"end":{"line":44,"column":null}},"line":22},"2":{"name":"(anonymous_2)","decl":{"start":{"line":46,"column":35},"end":{"line":46,"column":null}},"loc":{"start":{"line":49,"column":5},"end":{"line":71,"column":null}},"line":49}},"branchMap":{"0":{"loc":{"start":{"line":12,"column":2},"end":{"line":14,"column":null}},"type":"if","locations":[{"start":{"line":12,"column":2},"end":{"line":14,"column":null}},{"start":{},"end":{}}],"line":12},"1":{"loc":{"start":{"line":39,"column":2},"end":{"line":41,"column":null}},"type":"if","locations":[{"start":{"line":39,"column":2},"end":{"line":41,"column":null}},{"start":{},"end":{}}],"line":39},"2":{"loc":{"start":{"line":66,"column":2},"end":{"line":68,"column":null}},"type":"if","locations":[{"start":{"line":66,"column":2},"end":{"line":68,"column":null}},{"start":{},"end":{}}],"line":66}},"s":{"0":1,"1":1,"2":2,"3":2,"4":1,"5":1,"6":1,"7":2,"8":2,"9":2,"10":1,"11":1,"12":1,"13":1,"14":2,"15":2,"16":2,"17":1,"18":1},"f":{"0":2,"1":2,"2":2},"b":{"0":[1,1],"1":[1,1],"2":[1,1]},"meta":{"lastBranch":3,"lastFunction":3,"lastStatement":19,"seen":{"s:3:16:3:Infinity":0,"s:5:32:17:Infinity":1,"f:5:32:5:Infinity":0,"s:8:19:10:Infinity":2,"b:12:2:14:Infinity:undefined:undefined:undefined:undefined":0,"s:12:2:14:Infinity":3,"s:13:4:13:Infinity":4,"s:16:2:16:Infinity":5,"s:19:33:44:Infinity":6,"f:19:33:19:Infinity":1,"s:23:19:35:Infinity":7,"s:37:17:37:Infinity":8,"b:39:2:41:Infinity:undefined:undefined:undefined:undefined":1,"s:39:2:41:Infinity":9,"s:40:4:40:Infinity":10,"s:42:2:42:Infinity":11,"s:43:2:43:Infinity":12,"s:46:35:71:Infinity":13,"f:46:35:46:Infinity":2,"s:50:19:62:Infinity":14,"s:64:17:64:Infinity":15,"b:66:2:68:Infinity:undefined:undefined:undefined:undefined":2,"s:66:2:68:Infinity":16,"s:67:4:67:Infinity":17,"s:70:2:70:Infinity":18},"fnNames":{}}}
}
